# JRE version: Java(TM) SE Runtime Environment (8.0_25-b18) (build 1.8.0_25-b18)
# Java VM: Java HotSpot(TM) 64-Bit Server VM (25.25-b02 mixed mode windows-amd64 compressed oops)
Heap:
 PSYoungGen      total 71680K, used 25717K [0x00000000d5900000, 0x00000000da400000, 0x0000000100000000)
  eden space 66560K, 30% used [0x00000000d5900000,0x00000000d6d20bc0,0x00000000d9a00000)
  from space 5120K, 99% used [0x00000000d9f00000,0x00000000da3fc970,0x00000000da400000)
  to   space 5120K, 0% used [0x00000000d9a00000,0x00000000d9a00000,0x00000000d9f00000)
 ParOldGen       total 87552K, used 22857K [0x0000000080a00000, 0x0000000085f80000, 0x00000000d5900000)
  object space 87552K, 26% used [0x0000000080a00000,0x00000000820524c0,0x0000000085f80000)
 Metaspace       used 18941K, capacity 19182K, committed 19456K, reserved 1067008K
  class space    used 2160K, capacity 2285K, committed 2304K, reserved 1048576K
GC Heap History (8 events):
Event: 2.262 GC heap before
{Heap before GC invocations=1 (full 0):
 PSYoungGen      total 38400K, used 33280K [0x00000000d5900000, 0x00000000d8380000, 0x0000000100000000)
  eden space 33280K, 100% used [0x00000000d5900000,0x00000000d7980000,0x00000000d7980000)
  from space 5120K, 0% used [0x00000000d7e80000,0x00000000d7e80000,0x00000000d8380000)
  to   space 5120K, 0% used [0x00000000d7980000,0x00000000d7980000,0x00000000d7e80000)
 ParOldGen       total 87552K, used 0K [0x0000000080a00000, 0x0000000085f80000, 0x00000000d5900000)
  object space 87552K, 0% used [0x0000000080a00000,0x0000000080a00000,0x0000000085f80000)
 Metaspace       used 12036K, capacity 12266K, committed 12544K, reserved 1060864K
  class space    used 1347K, capacity 1429K, committed 1536K, reserved 1048576K
Event: 2.275 GC heap after
Heap after GC invocations=1 (full 0):
 PSYoungGen      total 38400K, used 5107K [0x00000000d5900000, 0x00000000d8380000, 0x0000000100000000)
  eden space 33280K, 0% used [0x00000000d5900000,0x00000000d5900000,0x00000000d7980000)
  from space 5120K, 99% used [0x00000000d7980000,0x00000000d7e7cf78,0x00000000d7e80000)
  to   space 5120K, 0% used [0x00000000d7e80000,0x00000000d7e80000,0x00000000d8380000)
 ParOldGen       total 87552K, used 2202K [0x0000000080a00000, 0x0000000085f80000, 0x00000000d5900000)
  object space 87552K, 2% used [0x0000000080a00000,0x0000000080c268d0,0x0000000085f80000)
 Metaspace       used 12036K, capacity 12266K, committed 12544K, reserved 1060864K
  class space    used 1347K, capacity 1429K, committed 1536K, reserved 1048576K
}
Event: 3.382 GC heap before
{Heap before GC invocations=2 (full 0):
 PSYoungGen      total 38400K, used 38387K [0x00000000d5900000, 0x00000000d8380000, 0x0000000100000000)
  eden space 33280K, 100% used [0x00000000d5900000,0x00000000d7980000,0x00000000d7980000)
  from space 5120K, 99% used [0x00000000d7980000,0x00000000d7e7cf78,0x00000000d7e80000)
  to   space 5120K, 0% used [0x00000000d7e80000,0x00000000d7e80000,0x00000000d8380000)
 ParOldGen       total 87552K, used 2202K [0x0000000080a00000, 0x0000000085f80000, 0x00000000d5900000)
  object space 87552K, 2% used [0x0000000080a00000,0x0000000080c268d0,0x0000000085f80000)
 Metaspace       used 14472K, capacity 14708K, committed 15104K, reserved 1062912K
  class space    used 1628K, capacity 1722K, committed 1792K, reserved 1048576K
Event: 3.397 GC heap after
Heap after GC invocations=2 (full 0):
 PSYoungGen      total 38400K, used 5113K [0x00000000d5900000, 0x00000000d8380000, 0x0000000100000000)
  eden space 33280K, 0% used [0x00000000d5900000,0x00000000d5900000,0x00000000d7980000)
  from space 5120K, 99% used [0x00000000d7e80000,0x00000000d837e598,0x00000000d8380000)
  to   space 5120K, 0% used [0x00000000d7980000,0x00000000d7980000,0x00000000d7e80000)
 ParOldGen       total 87552K, used 7550K [0x0000000080a00000, 0x0000000085f80000, 0x00000000d5900000)
  object space 87552K, 8% used [0x0000000080a00000,0x000000008115f878,0x0000000085f80000)
 Metaspace       used 14472K, capacity 14708K, committed 15104K, reserved 1062912K
  class space    used 1628K, capacity 1722K, committed 1792K, reserved 1048576K
}
Event: 3.746 GC heap before
{Heap before GC invocations=3 (full 0):
 PSYoungGen      total 38400K, used 38393K [0x00000000d5900000, 0x00000000d8380000, 0x0000000100000000)
  eden space 33280K, 100% used [0x00000000d5900000,0x00000000d7980000,0x00000000d7980000)
  from space 5120K, 99% used [0x00000000d7e80000,0x00000000d837e598,0x00000000d8380000)
  to   space 5120K, 0% used [0x00000000d7980000,0x00000000d7980000,0x00000000d7e80000)
 ParOldGen       total 87552K, used 7550K [0x0000000080a00000, 0x0000000085f80000, 0x00000000d5900000)
  object space 87552K, 8% used [0x0000000080a00000,0x000000008115f878,0x0000000085f80000)
 Metaspace       used 14569K, capacity 14842K, committed 15104K, reserved 1062912K
  class space    used 1630K, capacity 1723K, committed 1792K, reserved 1048576K
Event: 3.761 GC heap after
Heap after GC invocations=3 (full 0):
 PSYoungGen      total 38400K, used 5102K [0x00000000d5900000, 0x00000000da400000, 0x0000000100000000)
  eden space 33280K, 0% used [0x00000000d5900000,0x00000000d5900000,0x00000000d7980000)
  from space 5120K, 99% used [0x00000000d7980000,0x00000000d7e7b848,0x00000000d7e80000)
  to   space 5120K, 0% used [0x00000000d9f00000,0x00000000d9f00000,0x00000000da400000)
 ParOldGen       total 87552K, used 14541K [0x0000000080a00000, 0x0000000085f80000, 0x00000000d5900000)
  object space 87552K, 16% used [0x0000000080a00000,0x00000000818337e0,0x0000000085f80000)
 Metaspace       used 14569K, capacity 14842K, committed 15104K, reserved 1062912K
  class space    used 1630K, capacity 1723K, committed 1792K, reserved 1048576K
}
Event: 28.673 GC heap before
{Heap before GC invocations=4 (full 0):
 PSYoungGen      total 38400K, used 38382K [0x00000000d5900000, 0x00000000da400000, 0x0000000100000000)
  eden space 33280K, 100% used [0x00000000d5900000,0x00000000d7980000,0x00000000d7980000)
  from space 5120K, 99% used [0x00000000d7980000,0x00000000d7e7b848,0x00000000d7e80000)
  to   space 5120K, 0% used [0x00000000d9f00000,0x00000000d9f00000,0x00000000da400000)
 ParOldGen       total 87552K, used 14541K [0x0000000080a00000, 0x0000000085f80000, 0x00000000d5900000)
  object space 87552K, 16% used [0x0000000080a00000,0x00000000818337e0,0x0000000085f80000)
 Metaspace       used 18493K, capacity 18794K, committed 19200K, reserved 1067008K
  class space    used 2133K, capacity 2247K, committed 2304K, reserved 1048576K
Event: 28.685 GC heap after
Heap after GC invocations=4 (full 0):
 PSYoungGen      total 71680K, used 5106K [0x00000000d5900000, 0x00000000da400000, 0x0000000100000000)
  eden space 66560K, 0% used [0x00000000d5900000,0x00000000d5900000,0x00000000d9a00000)
  from space 5120K, 99% used [0x00000000d9f00000,0x00000000da3fc970,0x00000000da400000)
  to   space 5120K, 0% used [0x00000000d9a00000,0x00000000d9a00000,0x00000000d9f00000)
 ParOldGen       total 87552K, used 22857K [0x0000000080a00000, 0x0000000085f80000, 0x00000000d5900000)
  object space 87552K, 26% used [0x0000000080a00000,0x00000000820524c0,0x0000000085f80000)
 Metaspace       used 18493K, capacity 18794K, committed 19200K, reserved 1067008K
  class space    used 2133K, capacity 2247K, committed 2304K, reserved 1048576K
}

