# JRE version: Java(TM) SE Runtime Environment (8.0_25-b18) (build 1.8.0_25-b18)
# Java VM: Java HotSpot(TM) 64-Bit Server VM (25.25-b02 mixed mode windows-amd64 compressed oops)
Heap:
 PSYoungGen      total 52224K, used 33453K [0x00000000d5900000, 0x00000000dad80000, 0x0000000100000000)
  eden space 50176K, 63% used [0x00000000d5900000,0x00000000d7817538,0x00000000d8a00000)
  from space 2048K, 78% used [0x00000000d9080000,0x00000000d9214010,0x00000000d9280000)
  to   space 14848K, 0% used [0x00000000d9f00000,0x00000000d9f00000,0x00000000dad80000)
 ParOldGen       total 87552K, used 33516K [0x0000000080a00000, 0x0000000085f80000, 0x00000000d5900000)
  object space 87552K, 38% used [0x0000000080a00000,0x0000000082abb288,0x0000000085f80000)
 Metaspace       used 20509K, capacity 20884K, committed 21296K, reserved 1069056K
  class space    used 2180K, capacity 2318K, committed 2432K, reserved 1048576K
GC Heap History (10 events):
Event: 2863.040 GC heap before
{Heap before GC invocations=11 (full 0):
 PSYoungGen      total 59904K, used 59744K [0x00000000d5900000, 0x00000000dcd80000, 0x0000000100000000)
  eden space 57856K, 100% used [0x00000000d5900000,0x00000000d9180000,0x00000000d9180000)
  from space 2048K, 92% used [0x00000000dcb80000,0x00000000dcd580c0,0x00000000dcd80000)
  to   space 16384K, 0% used [0x00000000dad80000,0x00000000dad80000,0x00000000dbd80000)
 ParOldGen       total 87552K, used 30064K [0x0000000080a00000, 0x0000000085f80000, 0x00000000d5900000)
  object space 87552K, 34% used [0x0000000080a00000,0x000000008275c0e0,0x0000000085f80000)
 Metaspace       used 20235K, capacity 20546K, committed 20992K, reserved 1069056K
  class space    used 2156K, capacity 2251K, committed 2304K, reserved 1048576K
Event: 2863.045 GC heap after
Heap after GC invocations=11 (full 0):
 PSYoungGen      total 57344K, used 992K [0x00000000d5900000, 0x00000000dcc00000, 0x0000000100000000)
  eden space 56320K, 0% used [0x00000000d5900000,0x00000000d5900000,0x00000000d9000000)
  from space 1024K, 96% used [0x00000000dad80000,0x00000000dae78020,0x00000000dae80000)
  to   space 16384K, 0% used [0x00000000dbc00000,0x00000000dbc00000,0x00000000dcc00000)
 ParOldGen       total 87552K, used 31524K [0x0000000080a00000, 0x0000000085f80000, 0x00000000d5900000)
  object space 87552K, 36% used [0x0000000080a00000,0x00000000828c9288,0x0000000085f80000)
 Metaspace       used 20235K, capacity 20546K, committed 20992K, reserved 1069056K
  class space    used 2156K, capacity 2251K, committed 2304K, reserved 1048576K
}
Event: 3156.531 GC heap before
{Heap before GC invocations=12 (full 0):
 PSYoungGen      total 57344K, used 57312K [0x00000000d5900000, 0x00000000dcc00000, 0x0000000100000000)
  eden space 56320K, 100% used [0x00000000d5900000,0x00000000d9000000,0x00000000d9000000)
  from space 1024K, 96% used [0x00000000dad80000,0x00000000dae78020,0x00000000dae80000)
  to   space 16384K, 0% used [0x00000000dbc00000,0x00000000dbc00000,0x00000000dcc00000)
 ParOldGen       total 87552K, used 31524K [0x0000000080a00000, 0x0000000085f80000, 0x00000000d5900000)
  object space 87552K, 36% used [0x0000000080a00000,0x00000000828c9288,0x0000000085f80000)
 Metaspace       used 20287K, capacity 20578K, committed 20992K, reserved 1069056K
  class space    used 2159K, capacity 2283K, committed 2304K, reserved 1048576K
Event: 3156.539 GC heap after
Heap after GC invocations=12 (full 0):
 PSYoungGen      total 55808K, used 880K [0x00000000d5900000, 0x00000000dbd00000, 0x0000000100000000)
  eden space 54784K, 0% used [0x00000000d5900000,0x00000000d5900000,0x00000000d8e80000)
  from space 1024K, 85% used [0x00000000dbc00000,0x00000000dbcdc010,0x00000000dbd00000)
  to   space 16384K, 0% used [0x00000000d9d00000,0x00000000d9d00000,0x00000000dad00000)
 ParOldGen       total 87552K, used 32092K [0x0000000080a00000, 0x0000000085f80000, 0x00000000d5900000)
  object space 87552K, 36% used [0x0000000080a00000,0x0000000082957288,0x0000000085f80000)
 Metaspace       used 20287K, capacity 20578K, committed 20992K, reserved 1069056K
  class space    used 2159K, capacity 2283K, committed 2304K, reserved 1048576K
}
Event: 3450.570 GC heap before
{Heap before GC invocations=13 (full 0):
 PSYoungGen      total 55808K, used 55664K [0x00000000d5900000, 0x00000000dbd00000, 0x0000000100000000)
  eden space 54784K, 100% used [0x00000000d5900000,0x00000000d8e80000,0x00000000d8e80000)
  from space 1024K, 85% used [0x00000000dbc00000,0x00000000dbcdc010,0x00000000dbd00000)
  to   space 16384K, 0% used [0x00000000d9d00000,0x00000000d9d00000,0x00000000dad00000)
 ParOldGen       total 87552K, used 32092K [0x0000000080a00000, 0x0000000085f80000, 0x00000000d5900000)
  object space 87552K, 36% used [0x0000000080a00000,0x0000000082957288,0x0000000085f80000)
 Metaspace       used 20300K, capacity 20578K, committed 20992K, reserved 1069056K
  class space    used 2160K, capacity 2283K, committed 2304K, reserved 1048576K
Event: 3450.577 GC heap after
Heap after GC invocations=13 (full 0):
 PSYoungGen      total 69632K, used 1040K [0x00000000d5900000, 0x00000000dbc80000, 0x0000000100000000)
  eden space 53248K, 0% used [0x00000000d5900000,0x00000000d5900000,0x00000000d8d00000)
  from space 16384K, 6% used [0x00000000d9d00000,0x00000000d9e04010,0x00000000dad00000)
  to   space 15872K, 0% used [0x00000000dad00000,0x00000000dad00000,0x00000000dbc80000)
 ParOldGen       total 87552K, used 32580K [0x0000000080a00000, 0x0000000085f80000, 0x00000000d5900000)
  object space 87552K, 37% used [0x0000000080a00000,0x00000000829d1288,0x0000000085f80000)
 Metaspace       used 20300K, capacity 20578K, committed 20992K, reserved 1069056K
  class space    used 2160K, capacity 2283K, committed 2304K, reserved 1048576K
}
Event: 3735.773 GC heap before
{Heap before GC invocations=14 (full 0):
 PSYoungGen      total 69632K, used 54288K [0x00000000d5900000, 0x00000000dbc80000, 0x0000000100000000)
  eden space 53248K, 100% used [0x00000000d5900000,0x00000000d8d00000,0x00000000d8d00000)
  from space 16384K, 6% used [0x00000000d9d00000,0x00000000d9e04010,0x00000000dad00000)
  to   space 15872K, 0% used [0x00000000dad00000,0x00000000dad00000,0x00000000dbc80000)
 ParOldGen       total 87552K, used 32580K [0x0000000080a00000, 0x0000000085f80000, 0x00000000d5900000)
  object space 87552K, 37% used [0x0000000080a00000,0x00000000829d1288,0x0000000085f80000)
 Metaspace       used 20383K, capacity 20706K, committed 20992K, reserved 1069056K
  class space    used 2167K, capacity 2283K, committed 2304K, reserved 1048576K
Event: 3735.777 GC heap after
Heap after GC invocations=14 (full 0):
 PSYoungGen      total 53248K, used 1104K [0x00000000d5900000, 0x00000000dae80000, 0x0000000100000000)
  eden space 51712K, 0% used [0x00000000d5900000,0x00000000d5900000,0x00000000d8b80000)
  from space 1536K, 71% used [0x00000000dad00000,0x00000000dae14010,0x00000000dae80000)
  to   space 15360K, 0% used [0x00000000d9080000,0x00000000d9080000,0x00000000d9f80000)
 ParOldGen       total 87552K, used 33092K [0x0000000080a00000, 0x0000000085f80000, 0x00000000d5900000)
  object space 87552K, 37% used [0x0000000080a00000,0x0000000082a51288,0x0000000085f80000)
 Metaspace       used 20383K, capacity 20706K, committed 20992K, reserved 1069056K
  class space    used 2167K, capacity 2283K, committed 2304K, reserved 1048576K
}
Event: 4204.888 GC heap before
{Heap before GC invocations=15 (full 0):
 PSYoungGen      total 53248K, used 52816K [0x00000000d5900000, 0x00000000dae80000, 0x0000000100000000)
  eden space 51712K, 100% used [0x00000000d5900000,0x00000000d8b80000,0x00000000d8b80000)
  from space 1536K, 71% used [0x00000000dad00000,0x00000000dae14010,0x00000000dae80000)
  to   space 15360K, 0% used [0x00000000d9080000,0x00000000d9080000,0x00000000d9f80000)
 ParOldGen       total 87552K, used 33092K [0x0000000080a00000, 0x0000000085f80000, 0x00000000d5900000)
  object space 87552K, 37% used [0x0000000080a00000,0x0000000082a51288,0x0000000085f80000)
 Metaspace       used 20401K, capacity 20712K, committed 20992K, reserved 1069056K
  class space    used 2168K, capacity 2284K, committed 2304K, reserved 1048576K
Event: 4204.894 GC heap after
Heap after GC invocations=15 (full 0):
 PSYoungGen      total 52224K, used 1616K [0x00000000d5900000, 0x00000000dad80000, 0x0000000100000000)
  eden space 50176K, 0% used [0x00000000d5900000,0x00000000d5900000,0x00000000d8a00000)
  from space 2048K, 78% used [0x00000000d9080000,0x00000000d9214010,0x00000000d9280000)
  to   space 14848K, 0% used [0x00000000d9f00000,0x00000000d9f00000,0x00000000dad80000)
 ParOldGen       total 87552K, used 33516K [0x0000000080a00000, 0x0000000085f80000, 0x00000000d5900000)
  object space 87552K, 38% used [0x0000000080a00000,0x0000000082abb288,0x0000000085f80000)
 Metaspace       used 20401K, capacity 20712K, committed 20992K, reserved 1069056K
  class space    used 2168K, capacity 2284K, committed 2304K, reserved 1048576K
}

